#-----------------------------------------------------------
# Vivado v2017.4 (64-bit)
# SW Build 2086221 on Fri Dec 15 20:55:39 MST 2017
# IP Build 2085800 on Fri Dec 15 22:25:07 MST 2017
# Start of session at: Wed May  3 19:04:52 2023
# Process ID: 27500
# Current directory: C:/Users/22890/Desktop/CS202 Project/CS202_Project
# Command line: vivado.exe -gui_launcher_event rodinguilauncherevent11276 C:\Users\22890\Desktop\CS202 Project\CS202_Project\CS202_Project.xpr
# Log file: C:/Users/22890/Desktop/CS202 Project/CS202_Project/vivado.log
# Journal file: C:/Users/22890/Desktop/CS202 Project/CS202_Project\vivado.jou
#-----------------------------------------------------------
start_gui
open_project {C:/Users/22890/Desktop/CS202 Project/CS202_Project/CS202_Project.xpr}
INFO: [Project 1-313] Project file moved from 'D:/Projects/CO/Project/CS202_Project' since last save.
Scanning sources...
Finished scanning sources
INFO: [IP_Flow 19-234] Refreshing IP repositories
INFO: [IP_Flow 19-1704] No user IP repositories specified
INFO: [IP_Flow 19-2313] Loaded Vivado IP repository 'D:/Vivado/2017.4/data/ip'.
update_compile_order -fileset sources_1
reset_run synth_1
launch_runs synth_1 -jobs 20
[Wed May  3 19:05:14 2023] Launched synth_1...
Run output will be captured here: C:/Users/22890/Desktop/CS202 Project/CS202_Project/CS202_Project.runs/synth_1/runme.log
exit
INFO: [Common 17-206] Exiting Vivado at Wed May  3 19:09:49 2023...
